{"/Users/user/code-fellows/401/17-bearer-auth/lab-yohanes/lib/basic-auth-middleware.js": {"path":"/Users/user/code-fellows/401/17-bearer-auth/lab-yohanes/lib/basic-auth-middleware.js","statementMap":{"0":{"start":{"line":3,"column":21},"end":{"line":3,"column":47}},"1":{"start":{"line":5,"column":0},"end":{"line":23,"column":2}},"2":{"start":{"line":6,"column":20},"end":{"line":6,"column":45}},"3":{"start":{"line":7,"column":2},"end":{"line":8,"column":100}},"4":{"start":{"line":8,"column":4},"end":{"line":8,"column":100}},"5":{"start":{"line":10,"column":15},"end":{"line":10,"column":45}},"6":{"start":{"line":11,"column":2},"end":{"line":12,"column":97}},"7":{"start":{"line":12,"column":4},"end":{"line":12,"column":97}},"8":{"start":{"line":14,"column":29},"end":{"line":14,"column":80}},"9":{"start":{"line":15,"column":2},"end":{"line":15,"column":36}},"10":{"start":{"line":17,"column":2},"end":{"line":18,"column":84}},"11":{"start":{"line":18,"column":4},"end":{"line":18,"column":84}},"12":{"start":{"line":19,"column":2},"end":{"line":20,"column":84}},"13":{"start":{"line":20,"column":4},"end":{"line":20,"column":84}},"14":{"start":{"line":22,"column":2},"end":{"line":22,"column":9}}},"fnMap":{"0":{"name":"(anonymous_0)","decl":{"start":{"line":5,"column":17},"end":{"line":5,"column":18}},"loc":{"start":{"line":5,"column":43},"end":{"line":23,"column":1}},"line":5}},"branchMap":{"0":{"loc":{"start":{"line":7,"column":2},"end":{"line":8,"column":100}},"type":"if","locations":[{"start":{"line":7,"column":2},"end":{"line":8,"column":100}},{"start":{"line":7,"column":2},"end":{"line":8,"column":100}}],"line":7},"1":{"loc":{"start":{"line":11,"column":2},"end":{"line":12,"column":97}},"type":"if","locations":[{"start":{"line":11,"column":2},"end":{"line":12,"column":97}},{"start":{"line":11,"column":2},"end":{"line":12,"column":97}}],"line":11},"2":{"loc":{"start":{"line":17,"column":2},"end":{"line":18,"column":84}},"type":"if","locations":[{"start":{"line":17,"column":2},"end":{"line":18,"column":84}},{"start":{"line":17,"column":2},"end":{"line":18,"column":84}}],"line":17},"3":{"loc":{"start":{"line":19,"column":2},"end":{"line":20,"column":84}},"type":"if","locations":[{"start":{"line":19,"column":2},"end":{"line":20,"column":84}},{"start":{"line":19,"column":2},"end":{"line":20,"column":84}}],"line":19}},"s":{"0":3,"1":3,"2":21,"3":21,"4":3,"5":18,"6":18,"7":3,"8":15,"9":15,"10":15,"11":3,"12":12,"13":3,"14":9},"f":{"0":21},"b":{"0":[3,18],"1":[3,15],"2":[3,12],"3":[3,9]},"_coverageSchema":"332fd63041d2c1bcb487cc26dd0d5f7d97098a6c","hash":"0d647073ce824be34b9d79f85fc4ee09f154c76d"}
,"/Users/user/code-fellows/401/17-bearer-auth/lab-yohanes/lib/bearer-auth-middleware.js": {"path":"/Users/user/code-fellows/401/17-bearer-auth/lab-yohanes/lib/bearer-auth-middleware.js","statementMap":{"0":{"start":{"line":3,"column":21},"end":{"line":3,"column":47}},"1":{"start":{"line":4,"column":13},"end":{"line":4,"column":37}},"2":{"start":{"line":5,"column":21},"end":{"line":5,"column":44}},"3":{"start":{"line":8,"column":22},"end":{"line":8,"column":44}},"4":{"start":{"line":10,"column":0},"end":{"line":42,"column":2}},"5":{"start":{"line":12,"column":19},"end":{"line":12,"column":48}},"6":{"start":{"line":14,"column":2},"end":{"line":15,"column":60}},"7":{"start":{"line":15,"column":4},"end":{"line":15,"column":60}},"8":{"start":{"line":17,"column":14},"end":{"line":17,"column":44}},"9":{"start":{"line":19,"column":2},"end":{"line":20,"column":60}},"10":{"start":{"line":20,"column":4},"end":{"line":20,"column":60}},"11":{"start":{"line":24,"column":2},"end":{"line":41,"column":5}},"12":{"start":{"line":25,"column":4},"end":{"line":28,"column":5}},"13":{"start":{"line":26,"column":6},"end":{"line":26,"column":36}},"14":{"start":{"line":27,"column":6},"end":{"line":27,"column":43}},"15":{"start":{"line":31,"column":4},"end":{"line":40,"column":53}},"16":{"start":{"line":33,"column":8},"end":{"line":34,"column":66}},"17":{"start":{"line":34,"column":10},"end":{"line":34,"column":66}},"18":{"start":{"line":37,"column":8},"end":{"line":37,"column":28}},"19":{"start":{"line":38,"column":8},"end":{"line":38,"column":15}},"20":{"start":{"line":40,"column":22},"end":{"line":40,"column":51}}},"fnMap":{"0":{"name":"(anonymous_0)","decl":{"start":{"line":10,"column":17},"end":{"line":10,"column":18}},"loc":{"start":{"line":10,"column":52},"end":{"line":42,"column":1}},"line":10},"1":{"name":"(anonymous_1)","decl":{"start":{"line":24,"column":60},"end":{"line":24,"column":61}},"loc":{"start":{"line":24,"column":85},"end":{"line":41,"column":3}},"line":24},"2":{"name":"(anonymous_2)","decl":{"start":{"line":32,"column":12},"end":{"line":32,"column":13}},"loc":{"start":{"line":32,"column":20},"end":{"line":39,"column":7}},"line":32},"3":{"name":"(anonymous_3)","decl":{"start":{"line":40,"column":13},"end":{"line":40,"column":14}},"loc":{"start":{"line":40,"column":22},"end":{"line":40,"column":51}},"line":40}},"branchMap":{"0":{"loc":{"start":{"line":14,"column":2},"end":{"line":15,"column":60}},"type":"if","locations":[{"start":{"line":14,"column":2},"end":{"line":15,"column":60}},{"start":{"line":14,"column":2},"end":{"line":15,"column":60}}],"line":14},"1":{"loc":{"start":{"line":19,"column":2},"end":{"line":20,"column":60}},"type":"if","locations":[{"start":{"line":19,"column":2},"end":{"line":20,"column":60}},{"start":{"line":19,"column":2},"end":{"line":20,"column":60}}],"line":19},"2":{"loc":{"start":{"line":25,"column":4},"end":{"line":28,"column":5}},"type":"if","locations":[{"start":{"line":25,"column":4},"end":{"line":28,"column":5}},{"start":{"line":25,"column":4},"end":{"line":28,"column":5}}],"line":25},"3":{"loc":{"start":{"line":33,"column":8},"end":{"line":34,"column":66}},"type":"if","locations":[{"start":{"line":33,"column":8},"end":{"line":34,"column":66}},{"start":{"line":33,"column":8},"end":{"line":34,"column":66}}],"line":33}},"s":{"0":3,"1":3,"2":3,"3":3,"4":3,"5":0,"6":0,"7":0,"8":0,"9":0,"10":0,"11":0,"12":0,"13":0,"14":0,"15":0,"16":0,"17":0,"18":0,"19":0,"20":0},"f":{"0":0,"1":0,"2":0,"3":0},"b":{"0":[0,0],"1":[0,0],"2":[0,0],"3":[0,0]},"_coverageSchema":"332fd63041d2c1bcb487cc26dd0d5f7d97098a6c","hash":"cd6db6aefe7a8d708806db03609b5a081e007750"}
,"/Users/user/code-fellows/401/17-bearer-auth/lab-yohanes/lib/error-handler.js": {"path":"/Users/user/code-fellows/401/17-bearer-auth/lab-yohanes/lib/error-handler.js","statementMap":{"0":{"start":{"line":3,"column":0},"end":{"line":15,"column":2}},"1":{"start":{"line":4,"column":12},"end":{"line":4,"column":37}},"2":{"start":{"line":6,"column":2},"end":{"line":14,"column":3}},"3":{"start":{"line":7,"column":35},"end":{"line":7,"column":94}},"4":{"start":{"line":8,"column":38},"end":{"line":8,"column":97}},"5":{"start":{"line":10,"column":35},"end":{"line":10,"column":94}},"6":{"start":{"line":11,"column":40},"end":{"line":11,"column":99}},"7":{"start":{"line":12,"column":38},"end":{"line":12,"column":97}},"8":{"start":{"line":13,"column":11},"end":{"line":13,"column":70}}},"fnMap":{"0":{"name":"(anonymous_0)","decl":{"start":{"line":3,"column":17},"end":{"line":3,"column":18}},"loc":{"start":{"line":3,"column":37},"end":{"line":15,"column":1}},"line":3}},"branchMap":{"0":{"loc":{"start":{"line":6,"column":2},"end":{"line":14,"column":3}},"type":"switch","locations":[{"start":{"line":7,"column":2},"end":{"line":7,"column":94}},{"start":{"line":8,"column":2},"end":{"line":8,"column":97}},{"start":{"line":10,"column":2},"end":{"line":10,"column":94}},{"start":{"line":11,"column":2},"end":{"line":11,"column":99}},{"start":{"line":12,"column":2},"end":{"line":12,"column":97}},{"start":{"line":13,"column":2},"end":{"line":13,"column":70}}],"line":6}},"s":{"0":3,"1":18,"2":18,"3":0,"4":18,"5":0,"6":0,"7":0,"8":0},"f":{"0":18},"b":{"0":[0,18,0,0,0,0]},"_coverageSchema":"332fd63041d2c1bcb487cc26dd0d5f7d97098a6c","hash":"8d7f6e583e44472fed90849e59b42f6df406786a"}
,"/Users/user/code-fellows/401/17-bearer-auth/lab-yohanes/lib/server.js": {"path":"/Users/user/code-fellows/401/17-bearer-auth/lab-yohanes/lib/server.js","statementMap":{"0":{"start":{"line":4,"column":13},"end":{"line":4,"column":28}},"1":{"start":{"line":5,"column":16},"end":{"line":5,"column":34}},"2":{"start":{"line":6,"column":17},"end":{"line":6,"column":36}},"3":{"start":{"line":7,"column":21},"end":{"line":7,"column":47}},"4":{"start":{"line":10,"column":12},"end":{"line":10,"column":21}},"5":{"start":{"line":11,"column":13},"end":{"line":11,"column":29}},"6":{"start":{"line":12,"column":15},"end":{"line":12,"column":31}},"7":{"start":{"line":13,"column":20},"end":{"line":13,"column":43}},"8":{"start":{"line":16,"column":0},"end":{"line":16,"column":16}},"9":{"start":{"line":17,"column":0},"end":{"line":17,"column":27}},"10":{"start":{"line":18,"column":0},"end":{"line":18,"column":39}},"11":{"start":{"line":19,"column":0},"end":{"line":19,"column":42}},"12":{"start":{"line":20,"column":0},"end":{"line":20,"column":93}},"13":{"start":{"line":20,"column":31},"end":{"line":20,"column":91}},"14":{"start":{"line":24,"column":15},"end":{"line":24,"column":34}},"15":{"start":{"line":25,"column":0},"end":{"line":35,"column":2}},"16":{"start":{"line":26,"column":2},"end":{"line":34,"column":5}},"17":{"start":{"line":27,"column":4},"end":{"line":27,"column":87}},"18":{"start":{"line":27,"column":21},"end":{"line":27,"column":87}},"19":{"start":{"line":28,"column":4},"end":{"line":33,"column":7}},"20":{"start":{"line":29,"column":6},"end":{"line":29,"column":42}},"21":{"start":{"line":30,"column":6},"end":{"line":30,"column":25}},"22":{"start":{"line":31,"column":6},"end":{"line":31,"column":36}},"23":{"start":{"line":32,"column":6},"end":{"line":32,"column":29}},"24":{"start":{"line":36,"column":0},"end":{"line":45,"column":2}},"25":{"start":{"line":37,"column":2},"end":{"line":44,"column":5}},"26":{"start":{"line":38,"column":4},"end":{"line":38,"column":88}},"27":{"start":{"line":38,"column":22},"end":{"line":38,"column":88}},"28":{"start":{"line":39,"column":4},"end":{"line":43,"column":7}},"29":{"start":{"line":40,"column":6},"end":{"line":40,"column":26}},"30":{"start":{"line":41,"column":6},"end":{"line":41,"column":28}},"31":{"start":{"line":42,"column":6},"end":{"line":42,"column":23}}},"fnMap":{"0":{"name":"(anonymous_0)","decl":{"start":{"line":20,"column":17},"end":{"line":20,"column":18}},"loc":{"start":{"line":20,"column":31},"end":{"line":20,"column":91}},"line":20},"1":{"name":"(anonymous_1)","decl":{"start":{"line":25,"column":15},"end":{"line":25,"column":16}},"loc":{"start":{"line":25,"column":21},"end":{"line":35,"column":1}},"line":25},"2":{"name":"(anonymous_2)","decl":{"start":{"line":26,"column":21},"end":{"line":26,"column":22}},"loc":{"start":{"line":26,"column":42},"end":{"line":34,"column":3}},"line":26},"3":{"name":"(anonymous_3)","decl":{"start":{"line":28,"column":35},"end":{"line":28,"column":36}},"loc":{"start":{"line":28,"column":41},"end":{"line":33,"column":5}},"line":28},"4":{"name":"(anonymous_4)","decl":{"start":{"line":36,"column":14},"end":{"line":36,"column":15}},"loc":{"start":{"line":36,"column":20},"end":{"line":45,"column":1}},"line":36},"5":{"name":"(anonymous_5)","decl":{"start":{"line":37,"column":21},"end":{"line":37,"column":22}},"loc":{"start":{"line":37,"column":42},"end":{"line":44,"column":3}},"line":37},"6":{"name":"(anonymous_6)","decl":{"start":{"line":39,"column":22},"end":{"line":39,"column":23}},"loc":{"start":{"line":39,"column":28},"end":{"line":43,"column":5}},"line":39}},"branchMap":{"0":{"loc":{"start":{"line":27,"column":4},"end":{"line":27,"column":87}},"type":"if","locations":[{"start":{"line":27,"column":4},"end":{"line":27,"column":87}},{"start":{"line":27,"column":4},"end":{"line":27,"column":87}}],"line":27},"1":{"loc":{"start":{"line":38,"column":4},"end":{"line":38,"column":88}},"type":"if","locations":[{"start":{"line":38,"column":4},"end":{"line":38,"column":88}},{"start":{"line":38,"column":4},"end":{"line":38,"column":88}}],"line":38}},"s":{"0":3,"1":3,"2":3,"3":3,"4":3,"5":3,"6":3,"7":3,"8":3,"9":3,"10":3,"11":3,"12":3,"13":0,"14":3,"15":3,"16":3,"17":3,"18":0,"19":3,"20":3,"21":3,"22":3,"23":3,"24":3,"25":3,"26":3,"27":0,"28":3,"29":3,"30":3,"31":3},"f":{"0":0,"1":3,"2":3,"3":3,"4":3,"5":3,"6":3},"b":{"0":[0,3],"1":[0,3]},"_coverageSchema":"332fd63041d2c1bcb487cc26dd0d5f7d97098a6c","hash":"0c015355061e1cc70b0ec894b5ec539381c90de7"}
,"/Users/user/code-fellows/401/17-bearer-auth/lab-yohanes/model/auth.js": {"path":"/Users/user/code-fellows/401/17-bearer-auth/lab-yohanes/model/auth.js","statementMap":{"0":{"start":{"line":3,"column":12},"end":{"line":3,"column":35}},"1":{"start":{"line":4,"column":15},"end":{"line":4,"column":32}},"2":{"start":{"line":5,"column":15},"end":{"line":5,"column":32}},"3":{"start":{"line":6,"column":17},"end":{"line":6,"column":36}},"4":{"start":{"line":8,"column":13},"end":{"line":13,"column":24}},"5":{"start":{"line":16,"column":0},"end":{"line":23,"column":2}},"6":{"start":{"line":17,"column":2},"end":{"line":17,"column":94}},"7":{"start":{"line":17,"column":17},"end":{"line":17,"column":94}},"8":{"start":{"line":19,"column":2},"end":{"line":22,"column":27}},"9":{"start":{"line":20,"column":18},"end":{"line":20,"column":38}},"10":{"start":{"line":21,"column":16},"end":{"line":21,"column":20}},"11":{"start":{"line":22,"column":20},"end":{"line":22,"column":25}},"12":{"start":{"line":25,"column":0},"end":{"line":33,"column":2}},"13":{"start":{"line":26,"column":2},"end":{"line":32,"column":5}},"14":{"start":{"line":27,"column":4},"end":{"line":31,"column":7}},"15":{"start":{"line":28,"column":6},"end":{"line":28,"column":38}},"16":{"start":{"line":28,"column":17},"end":{"line":28,"column":38}},"17":{"start":{"line":29,"column":6},"end":{"line":29,"column":86}},"18":{"start":{"line":29,"column":18},"end":{"line":29,"column":86}},"19":{"start":{"line":30,"column":6},"end":{"line":30,"column":20}},"20":{"start":{"line":35,"column":0},"end":{"line":41,"column":2}},"21":{"start":{"line":36,"column":2},"end":{"line":36,"column":60}},"22":{"start":{"line":37,"column":2},"end":{"line":39,"column":26}},"23":{"start":{"line":38,"column":16},"end":{"line":38,"column":49}},"24":{"start":{"line":43,"column":0},"end":{"line":50,"column":2}},"25":{"start":{"line":44,"column":2},"end":{"line":49,"column":27}},"26":{"start":{"line":46,"column":6},"end":{"line":46,"column":69}},"27":{"start":{"line":49,"column":20},"end":{"line":49,"column":25}},"28":{"start":{"line":52,"column":0},"end":{"line":52,"column":46}}},"fnMap":{"0":{"name":"(anonymous_0)","decl":{"start":{"line":16,"column":36},"end":{"line":16,"column":37}},"loc":{"start":{"line":16,"column":56},"end":{"line":23,"column":1}},"line":16},"1":{"name":"(anonymous_1)","decl":{"start":{"line":20,"column":10},"end":{"line":20,"column":11}},"loc":{"start":{"line":20,"column":18},"end":{"line":20,"column":38}},"line":20},"2":{"name":"(anonymous_2)","decl":{"start":{"line":21,"column":10},"end":{"line":21,"column":11}},"loc":{"start":{"line":21,"column":16},"end":{"line":21,"column":20}},"line":21},"3":{"name":"(anonymous_3)","decl":{"start":{"line":22,"column":11},"end":{"line":22,"column":12}},"loc":{"start":{"line":22,"column":20},"end":{"line":22,"column":25}},"line":22},"4":{"name":"(anonymous_4)","decl":{"start":{"line":25,"column":35},"end":{"line":25,"column":36}},"loc":{"start":{"line":25,"column":55},"end":{"line":33,"column":1}},"line":25},"5":{"name":"(anonymous_5)","decl":{"start":{"line":26,"column":21},"end":{"line":26,"column":22}},"loc":{"start":{"line":26,"column":42},"end":{"line":32,"column":3}},"line":26},"6":{"name":"(anonymous_6)","decl":{"start":{"line":27,"column":44},"end":{"line":27,"column":45}},"loc":{"start":{"line":27,"column":62},"end":{"line":31,"column":5}},"line":27},"7":{"name":"(anonymous_7)","decl":{"start":{"line":35,"column":35},"end":{"line":35,"column":36}},"loc":{"start":{"line":35,"column":47},"end":{"line":41,"column":1}},"line":35},"8":{"name":"(anonymous_8)","decl":{"start":{"line":38,"column":10},"end":{"line":38,"column":11}},"loc":{"start":{"line":38,"column":16},"end":{"line":38,"column":49}},"line":38},"9":{"name":"(anonymous_9)","decl":{"start":{"line":43,"column":29},"end":{"line":43,"column":30}},"loc":{"start":{"line":43,"column":41},"end":{"line":50,"column":1}},"line":43},"10":{"name":"(anonymous_10)","decl":{"start":{"line":45,"column":10},"end":{"line":45,"column":11}},"loc":{"start":{"line":45,"column":25},"end":{"line":48,"column":5}},"line":45},"11":{"name":"(anonymous_11)","decl":{"start":{"line":49,"column":11},"end":{"line":49,"column":12}},"loc":{"start":{"line":49,"column":20},"end":{"line":49,"column":25}},"line":49}},"branchMap":{"0":{"loc":{"start":{"line":17,"column":2},"end":{"line":17,"column":94}},"type":"if","locations":[{"start":{"line":17,"column":2},"end":{"line":17,"column":94}},{"start":{"line":17,"column":2},"end":{"line":17,"column":94}}],"line":17},"1":{"loc":{"start":{"line":28,"column":6},"end":{"line":28,"column":38}},"type":"if","locations":[{"start":{"line":28,"column":6},"end":{"line":28,"column":38}},{"start":{"line":28,"column":6},"end":{"line":28,"column":38}}],"line":28},"2":{"loc":{"start":{"line":29,"column":6},"end":{"line":29,"column":86}},"type":"if","locations":[{"start":{"line":29,"column":6},"end":{"line":29,"column":86}},{"start":{"line":29,"column":6},"end":{"line":29,"column":86}}],"line":29}},"s":{"0":3,"1":3,"2":3,"3":3,"4":3,"5":3,"6":3,"7":0,"8":3,"9":3,"10":3,"11":0,"12":3,"13":6,"14":6,"15":6,"16":0,"17":6,"18":3,"19":3,"20":3,"21":6,"22":6,"23":6,"24":3,"25":6,"26":6,"27":0,"28":3},"f":{"0":3,"1":3,"2":3,"3":0,"4":6,"5":6,"6":6,"7":6,"8":6,"9":6,"10":6,"11":0},"b":{"0":[0,3],"1":[0,6],"2":[3,3]},"_coverageSchema":"332fd63041d2c1bcb487cc26dd0d5f7d97098a6c","hash":"95c1f6035aaa1fe7e38a6624d22b4c2d909672f4"}
,"/Users/user/code-fellows/401/17-bearer-auth/lab-yohanes/model/gallery.js": {"path":"/Users/user/code-fellows/401/17-bearer-auth/lab-yohanes/model/gallery.js","statementMap":{"0":{"start":{"line":3,"column":17},"end":{"line":3,"column":36}},"1":{"start":{"line":5,"column":16},"end":{"line":19,"column":2}},"2":{"start":{"line":22,"column":0},"end":{"line":22,"column":53}}},"fnMap":{},"branchMap":{},"s":{"0":3,"1":3,"2":3},"f":{},"b":{},"_coverageSchema":"332fd63041d2c1bcb487cc26dd0d5f7d97098a6c","hash":"6df1a2d7e3e0ea0c5f278c94b8a9b07670cc3da0"}
,"/Users/user/code-fellows/401/17-bearer-auth/lab-yohanes/route/route-auth.js": {"path":"/Users/user/code-fellows/401/17-bearer-auth/lab-yohanes/route/route-auth.js","statementMap":{"0":{"start":{"line":3,"column":13},"end":{"line":3,"column":37}},"1":{"start":{"line":4,"column":19},"end":{"line":4,"column":48}},"2":{"start":{"line":5,"column":21},"end":{"line":5,"column":52}},"3":{"start":{"line":6,"column":18},"end":{"line":6,"column":57}},"4":{"start":{"line":8,"column":0},"end":{"line":32,"column":2}},"5":{"start":{"line":9,"column":2},"end":{"line":20,"column":5}},"6":{"start":{"line":10,"column":13},"end":{"line":10,"column":34}},"7":{"start":{"line":11,"column":4},"end":{"line":11,"column":33}},"8":{"start":{"line":13,"column":15},"end":{"line":13,"column":37}},"9":{"start":{"line":15,"column":4},"end":{"line":19,"column":49}},"10":{"start":{"line":16,"column":23},"end":{"line":16,"column":37}},"11":{"start":{"line":17,"column":23},"end":{"line":17,"column":46}},"12":{"start":{"line":18,"column":21},"end":{"line":18,"column":53}},"13":{"start":{"line":19,"column":20},"end":{"line":19,"column":47}},"14":{"start":{"line":21,"column":2},"end":{"line":31,"column":5}},"15":{"start":{"line":22,"column":4},"end":{"line":30,"column":53}},"16":{"start":{"line":24,"column":8},"end":{"line":26,"column":81}},"17":{"start":{"line":28,"column":20},"end":{"line":28,"column":40}},"18":{"start":{"line":29,"column":21},"end":{"line":29,"column":53}},"19":{"start":{"line":30,"column":22},"end":{"line":30,"column":51}}},"fnMap":{"0":{"name":"(anonymous_0)","decl":{"start":{"line":8,"column":17},"end":{"line":8,"column":18}},"loc":{"start":{"line":8,"column":35},"end":{"line":32,"column":1}},"line":8},"1":{"name":"(anonymous_1)","decl":{"start":{"line":9,"column":37},"end":{"line":9,"column":38}},"loc":{"start":{"line":9,"column":59},"end":{"line":20,"column":3}},"line":9},"2":{"name":"(anonymous_2)","decl":{"start":{"line":16,"column":12},"end":{"line":16,"column":13}},"loc":{"start":{"line":16,"column":23},"end":{"line":16,"column":37}},"line":16},"3":{"name":"(anonymous_3)","decl":{"start":{"line":17,"column":12},"end":{"line":17,"column":13}},"loc":{"start":{"line":17,"column":23},"end":{"line":17,"column":46}},"line":17},"4":{"name":"(anonymous_4)","decl":{"start":{"line":18,"column":12},"end":{"line":18,"column":13}},"loc":{"start":{"line":18,"column":21},"end":{"line":18,"column":53}},"line":18},"5":{"name":"(anonymous_5)","decl":{"start":{"line":19,"column":13},"end":{"line":19,"column":14}},"loc":{"start":{"line":19,"column":20},"end":{"line":19,"column":47}},"line":19},"6":{"name":"(anonymous_6)","decl":{"start":{"line":21,"column":35},"end":{"line":21,"column":36}},"loc":{"start":{"line":21,"column":58},"end":{"line":31,"column":3}},"line":21},"7":{"name":"(anonymous_7)","decl":{"start":{"line":23,"column":12},"end":{"line":23,"column":13}},"loc":{"start":{"line":24,"column":8},"end":{"line":26,"column":81}},"line":24},"8":{"name":"(anonymous_8)","decl":{"start":{"line":28,"column":12},"end":{"line":28,"column":13}},"loc":{"start":{"line":28,"column":20},"end":{"line":28,"column":40}},"line":28},"9":{"name":"(anonymous_9)","decl":{"start":{"line":29,"column":12},"end":{"line":29,"column":13}},"loc":{"start":{"line":29,"column":21},"end":{"line":29,"column":53}},"line":29},"10":{"name":"(anonymous_10)","decl":{"start":{"line":30,"column":13},"end":{"line":30,"column":14}},"loc":{"start":{"line":30,"column":22},"end":{"line":30,"column":51}},"line":30}},"branchMap":{"0":{"loc":{"start":{"line":24,"column":8},"end":{"line":26,"column":81}},"type":"cond-expr","locations":[{"start":{"line":25,"column":12},"end":{"line":25,"column":59}},{"start":{"line":26,"column":12},"end":{"line":26,"column":81}}],"line":24}},"s":{"0":3,"1":3,"2":3,"3":3,"4":3,"5":3,"6":0,"7":0,"8":0,"9":0,"10":0,"11":0,"12":0,"13":0,"14":3,"15":9,"16":9,"17":3,"18":3,"19":6},"f":{"0":3,"1":0,"2":0,"3":0,"4":0,"5":0,"6":9,"7":9,"8":3,"9":3,"10":6},"b":{"0":[6,3]},"_coverageSchema":"332fd63041d2c1bcb487cc26dd0d5f7d97098a6c","hash":"ac2b506bb359298c21624b26144ea6d7388d4c49"}
,"/Users/user/code-fellows/401/17-bearer-auth/lab-yohanes/route/route-gallery.js": {"path":"/Users/user/code-fellows/401/17-bearer-auth/lab-yohanes/route/route-gallery.js","statementMap":{"0":{"start":{"line":3,"column":16},"end":{"line":3,"column":43}},"1":{"start":{"line":4,"column":19},"end":{"line":4,"column":48}},"2":{"start":{"line":5,"column":21},"end":{"line":5,"column":52}},"3":{"start":{"line":6,"column":29},"end":{"line":6,"column":69}},"4":{"start":{"line":8,"column":22},"end":{"line":8,"column":44}},"5":{"start":{"line":11,"column":0},"end":{"line":85,"column":2}},"6":{"start":{"line":13,"column":2},"end":{"line":84,"column":7}},"7":{"start":{"line":18,"column":6},"end":{"line":18,"column":45}},"8":{"start":{"line":21,"column":6},"end":{"line":23,"column":55}},"9":{"start":{"line":22,"column":32},"end":{"line":22,"column":73}},"10":{"start":{"line":23,"column":24},"end":{"line":23,"column":53}},"11":{"start":{"line":29,"column":6},"end":{"line":33,"column":7}},"12":{"start":{"line":30,"column":8},"end":{"line":32,"column":57}},"13":{"start":{"line":31,"column":27},"end":{"line":31,"column":61}},"14":{"start":{"line":32,"column":26},"end":{"line":32,"column":55}},"15":{"start":{"line":36,"column":6},"end":{"line":42,"column":55}},"16":{"start":{"line":38,"column":29},"end":{"line":38,"column":66}},"17":{"start":{"line":38,"column":54},"end":{"line":38,"column":65}},"18":{"start":{"line":40,"column":10},"end":{"line":40,"column":50}},"19":{"start":{"line":42,"column":24},"end":{"line":42,"column":53}},"20":{"start":{"line":45,"column":6},"end":{"line":55,"column":54}},"21":{"start":{"line":50,"column":10},"end":{"line":50,"column":48}},"22":{"start":{"line":51,"column":10},"end":{"line":51,"column":79}},"23":{"start":{"line":51,"column":23},"end":{"line":51,"column":79}},"24":{"start":{"line":52,"column":10},"end":{"line":52,"column":50}},"25":{"start":{"line":54,"column":20},"end":{"line":54,"column":44}},"26":{"start":{"line":55,"column":24},"end":{"line":55,"column":53}},"27":{"start":{"line":75,"column":6},"end":{"line":83,"column":55}},"28":{"start":{"line":77,"column":10},"end":{"line":78,"column":36}},"29":{"start":{"line":78,"column":12},"end":{"line":78,"column":36}},"30":{"start":{"line":80,"column":10},"end":{"line":80,"column":66}},"31":{"start":{"line":82,"column":20},"end":{"line":82,"column":44}},"32":{"start":{"line":83,"column":24},"end":{"line":83,"column":53}}},"fnMap":{"0":{"name":"(anonymous_0)","decl":{"start":{"line":11,"column":17},"end":{"line":11,"column":18}},"loc":{"start":{"line":11,"column":27},"end":{"line":85,"column":1}},"line":11},"1":{"name":"(anonymous_1)","decl":{"start":{"line":14,"column":44},"end":{"line":14,"column":45}},"loc":{"start":{"line":14,"column":67},"end":{"line":24,"column":5}},"line":14},"2":{"name":"(anonymous_2)","decl":{"start":{"line":22,"column":14},"end":{"line":22,"column":15}},"loc":{"start":{"line":22,"column":32},"end":{"line":22,"column":73}},"line":22},"3":{"name":"(anonymous_3)","decl":{"start":{"line":23,"column":15},"end":{"line":23,"column":16}},"loc":{"start":{"line":23,"column":24},"end":{"line":23,"column":53}},"line":23},"4":{"name":"(anonymous_4)","decl":{"start":{"line":26,"column":31},"end":{"line":26,"column":32}},"loc":{"start":{"line":26,"column":54},"end":{"line":43,"column":5}},"line":26},"5":{"name":"(anonymous_5)","decl":{"start":{"line":31,"column":16},"end":{"line":31,"column":17}},"loc":{"start":{"line":31,"column":27},"end":{"line":31,"column":61}},"line":31},"6":{"name":"(anonymous_6)","decl":{"start":{"line":32,"column":17},"end":{"line":32,"column":18}},"loc":{"start":{"line":32,"column":26},"end":{"line":32,"column":55}},"line":32},"7":{"name":"(anonymous_7)","decl":{"start":{"line":37,"column":14},"end":{"line":37,"column":15}},"loc":{"start":{"line":37,"column":27},"end":{"line":41,"column":9}},"line":37},"8":{"name":"(anonymous_8)","decl":{"start":{"line":38,"column":43},"end":{"line":38,"column":44}},"loc":{"start":{"line":38,"column":54},"end":{"line":38,"column":65}},"line":38},"9":{"name":"(anonymous_9)","decl":{"start":{"line":42,"column":15},"end":{"line":42,"column":16}},"loc":{"start":{"line":42,"column":24},"end":{"line":42,"column":53}},"line":42},"10":{"name":"(anonymous_10)","decl":{"start":{"line":44,"column":43},"end":{"line":44,"column":44}},"loc":{"start":{"line":44,"column":66},"end":{"line":72,"column":5}},"line":44},"11":{"name":"(anonymous_11)","decl":{"start":{"line":49,"column":14},"end":{"line":49,"column":15}},"loc":{"start":{"line":49,"column":25},"end":{"line":53,"column":9}},"line":49},"12":{"name":"(anonymous_12)","decl":{"start":{"line":54,"column":14},"end":{"line":54,"column":15}},"loc":{"start":{"line":54,"column":20},"end":{"line":54,"column":44}},"line":54},"13":{"name":"(anonymous_13)","decl":{"start":{"line":55,"column":15},"end":{"line":55,"column":16}},"loc":{"start":{"line":55,"column":24},"end":{"line":55,"column":53}},"line":55},"14":{"name":"(anonymous_14)","decl":{"start":{"line":74,"column":34},"end":{"line":74,"column":35}},"loc":{"start":{"line":74,"column":57},"end":{"line":84,"column":5}},"line":74},"15":{"name":"(anonymous_15)","decl":{"start":{"line":76,"column":14},"end":{"line":76,"column":15}},"loc":{"start":{"line":76,"column":25},"end":{"line":81,"column":9}},"line":76},"16":{"name":"(anonymous_16)","decl":{"start":{"line":82,"column":14},"end":{"line":82,"column":15}},"loc":{"start":{"line":82,"column":20},"end":{"line":82,"column":44}},"line":82},"17":{"name":"(anonymous_17)","decl":{"start":{"line":83,"column":15},"end":{"line":83,"column":16}},"loc":{"start":{"line":83,"column":24},"end":{"line":83,"column":53}},"line":83}},"branchMap":{"0":{"loc":{"start":{"line":29,"column":6},"end":{"line":33,"column":7}},"type":"if","locations":[{"start":{"line":29,"column":6},"end":{"line":33,"column":7}},{"start":{"line":29,"column":6},"end":{"line":33,"column":7}}],"line":29},"1":{"loc":{"start":{"line":51,"column":10},"end":{"line":51,"column":79}},"type":"if","locations":[{"start":{"line":51,"column":10},"end":{"line":51,"column":79}},{"start":{"line":51,"column":10},"end":{"line":51,"column":79}}],"line":51},"2":{"loc":{"start":{"line":77,"column":10},"end":{"line":78,"column":36}},"type":"if","locations":[{"start":{"line":77,"column":10},"end":{"line":78,"column":36}},{"start":{"line":77,"column":10},"end":{"line":78,"column":36}}],"line":77}},"s":{"0":3,"1":3,"2":3,"3":3,"4":3,"5":3,"6":3,"7":0,"8":0,"9":0,"10":0,"11":0,"12":0,"13":0,"14":0,"15":0,"16":0,"17":0,"18":0,"19":0,"20":0,"21":0,"22":0,"23":0,"24":0,"25":0,"26":0,"27":0,"28":0,"29":0,"30":0,"31":0,"32":0},"f":{"0":3,"1":0,"2":0,"3":0,"4":0,"5":0,"6":0,"7":0,"8":0,"9":0,"10":0,"11":0,"12":0,"13":0,"14":0,"15":0,"16":0,"17":0},"b":{"0":[0,0],"1":[0,0],"2":[0,0]},"_coverageSchema":"332fd63041d2c1bcb487cc26dd0d5f7d97098a6c","hash":"2b0c92dcbd8a481c80cc55b6a045eeee947e59cb"}
}
